<?xml version="1.0" encoding="UTF-8"?>
<testsuite xmlns:xsi="http://www.w3.org/2001/XMLSchema-instance" xsi:noNamespaceSchemaLocation="https://maven.apache.org/surefire/maven-surefire-plugin/xsd/surefire-test-report-3.0.xsd" version="3.0" name="com.assessement.ExercicioDois.TestesJqwikPropriedades" time="0.358" tests="11" errors="0" skipped="0" failures="0">
  <properties>
[...]
</properties>
  <testcase name="multiplyByTwoExtremeValues" classname="com.assessement.ExercicioDois.TestesJqwikPropriedades" time="0.179">
    <system-out><![CDATA[timestamp = 2025-12-08T16:13:22.485675400, TestesJqwikPropriedades:multiplyByTwoExtremeValues = 
                              |-----------------------jqwik-----------------------
tries = 1000                  | # of calls to property
checks = 1000                 | # of not rejected calls
generation = RANDOMIZED       | parameters are randomly generated
after-failure = SAMPLE_FIRST  | try previously failed sample, then previous seed
when-fixed-seed = ALLOW       | fixing the random seed is allowed
edge-cases#mode = MIXIN       | edge cases are mixed in
edge-cases#total = 9          | # of all combined edge cases
edge-cases#tried = 9          | # of edge cases tried in current run
seed = 2232707285403999181    | random seed to reproduce generated values


]]></system-out>
  </testcase>
  <testcase name="allElementsAreMultiplesOfOriginalNumber" classname="com.assessement.ExercicioDois.TestesJqwikPropriedades" time="0.033">
    <system-out><![CDATA[timestamp = 2025-12-08T16:13:22.521681500, TestesJqwikPropriedades:allElementsAreMultiplesOfOriginalNumber = 
                              |-----------------------jqwik-----------------------
tries = 1000                  | # of calls to property
checks = 1000                 | # of not rejected calls
generation = RANDOMIZED       | parameters are randomly generated
after-failure = SAMPLE_FIRST  | try previously failed sample, then previous seed
when-fixed-seed = ALLOW       | fixing the random seed is allowed
edge-cases#mode = MIXIN       | edge cases are mixed in
edge-cases#total = 16         | # of all combined edge cases
edge-cases#tried = 16         | # of edge cases tried in current run
seed = -6998824295914862247   | random seed to reproduce generated values


]]></system-out>
  </testcase>
  <testcase name="averageCalculationIsCorrect" classname="com.assessement.ExercicioDois.TestesJqwikPropriedades" time="0.031">
    <system-out><![CDATA[timestamp = 2025-12-08T16:13:22.553689, TestesJqwikPropriedades:averageCalculationIsCorrect = 
                              |-----------------------jqwik-----------------------
tries = 1000                  | # of calls to property
checks = 1000                 | # of not rejected calls
generation = RANDOMIZED       | parameters are randomly generated
after-failure = SAMPLE_FIRST  | try previously failed sample, then previous seed
when-fixed-seed = ALLOW       | fixing the random seed is allowed
edge-cases#mode = MIXIN       | edge cases are mixed in
edge-cases#total = 9          | # of all combined edge cases
edge-cases#tried = 9          | # of edge cases tried in current run
seed = 3947977344116731971    | random seed to reproduce generated values


]]></system-out>
  </testcase>
  <testcase name="numbersLessThanOrEqualToOneAreNotPrime" classname="com.assessement.ExercicioDois.TestesJqwikPropriedades" time="0.006">
    <system-out><![CDATA[timestamp = 2025-12-08T16:13:22.559689200, TestesJqwikPropriedades:numbersLessThanOrEqualToOneAreNotPrime = 
                              |-----------------------jqwik-----------------------
tries = 2                     | # of calls to property
checks = 2                    | # of not rejected calls
generation = EXHAUSTIVE       | parameters are exhaustively generated
after-failure = SAMPLE_FIRST  | try previously failed sample, then previous seed
when-fixed-seed = ALLOW       | fixing the random seed is allowed
edge-cases#mode = MIXIN       | edge cases are mixed in
edge-cases#total = 0          | # of all combined edge cases
edge-cases#tried = 0          | # of edge cases tried in current run
seed = -350330898041192754    | random seed to reproduce generated values


]]></system-out>
  </testcase>
  <testcase name="averageIsBetweenMinAndMax" classname="com.assessement.ExercicioDois.TestesJqwikPropriedades" time="0.022">
    <system-out><![CDATA[timestamp = 2025-12-08T16:13:22.582694800, TestesJqwikPropriedades:averageIsBetweenMinAndMax = 
                              |-----------------------jqwik-----------------------
tries = 1000                  | # of calls to property
checks = 1000                 | # of not rejected calls
generation = RANDOMIZED       | parameters are randomly generated
after-failure = SAMPLE_FIRST  | try previously failed sample, then previous seed
when-fixed-seed = ALLOW       | fixing the random seed is allowed
edge-cases#mode = MIXIN       | edge cases are mixed in
edge-cases#total = 9          | # of all combined edge cases
edge-cases#tried = 9          | # of edge cases tried in current run
seed = 7377552012267779807    | random seed to reproduce generated values


]]></system-out>
  </testcase>
  <testcase name="nonPrimeNumbersAreCorrectlyIdentified" classname="com.assessement.ExercicioDois.TestesJqwikPropriedades" time="0.004">
    <system-out><![CDATA[timestamp = 2025-12-08T16:13:22.587696700, TestesJqwikPropriedades:nonPrimeNumbersAreCorrectlyIdentified = 
                              |-----------------------jqwik-----------------------
tries = 24                    | # of calls to property
checks = 24                   | # of not rejected calls
generation = EXHAUSTIVE       | parameters are exhaustively generated
after-failure = SAMPLE_FIRST  | try previously failed sample, then previous seed
when-fixed-seed = ALLOW       | fixing the random seed is allowed
edge-cases#mode = MIXIN       | edge cases are mixed in
edge-cases#total = 0          | # of all combined edge cases
edge-cases#tried = 0          | # of edge cases tried in current run
seed = 8885758277719106834    | random seed to reproduce generated values


]]></system-out>
  </testcase>
  <testcase name="averageOfSingleElementArrayIsTheElement" classname="com.assessement.ExercicioDois.TestesJqwikPropriedades" time="0.01">
    <system-out><![CDATA[timestamp = 2025-12-08T16:13:22.598697300, TestesJqwikPropriedades:averageOfSingleElementArrayIsTheElement = 
                              |-----------------------jqwik-----------------------
tries = 1000                  | # of calls to property
checks = 1000                 | # of not rejected calls
generation = RANDOMIZED       | parameters are randomly generated
after-failure = SAMPLE_FIRST  | try previously failed sample, then previous seed
when-fixed-seed = ALLOW       | fixing the random seed is allowed
edge-cases#mode = MIXIN       | edge cases are mixed in
edge-cases#total = 9          | # of all combined edge cases
edge-cases#tried = 9          | # of edge cases tried in current run
seed = -406154882856605000    | random seed to reproduce generated values


]]></system-out>
  </testcase>
  <testcase name="multiplyByTwoResultIsAlwaysEven" classname="com.assessement.ExercicioDois.TestesJqwikPropriedades" time="0.012">
    <system-out><![CDATA[timestamp = 2025-12-08T16:13:22.611699700, TestesJqwikPropriedades:multiplyByTwoResultIsAlwaysEven = 
                              |-----------------------jqwik-----------------------
tries = 1000                  | # of calls to property
checks = 1000                 | # of not rejected calls
generation = RANDOMIZED       | parameters are randomly generated
after-failure = SAMPLE_FIRST  | try previously failed sample, then previous seed
when-fixed-seed = ALLOW       | fixing the random seed is allowed
edge-cases#mode = MIXIN       | edge cases are mixed in
edge-cases#total = 9          | # of all combined edge cases
edge-cases#tried = 9          | # of edge cases tried in current run
seed = 6849065641961691646    | random seed to reproduce generated values


]]></system-out>
  </testcase>
  <testcase name="primeNumbersHaveOnlyTwoDivisors" classname="com.assessement.ExercicioDois.TestesJqwikPropriedades" time="0.003">
    <system-out><![CDATA[timestamp = 2025-12-08T16:13:22.614701300, TestesJqwikPropriedades:primeNumbersHaveOnlyTwoDivisors = 
                              |-----------------------jqwik-----------------------
tries = 25                    | # of calls to property
checks = 25                   | # of not rejected calls
generation = EXHAUSTIVE       | parameters are exhaustively generated
after-failure = SAMPLE_FIRST  | try previously failed sample, then previous seed
when-fixed-seed = ALLOW       | fixing the random seed is allowed
edge-cases#mode = MIXIN       | edge cases are mixed in
edge-cases#total = 0          | # of all combined edge cases
edge-cases#tried = 0          | # of edge cases tried in current run
seed = -4699137694664576094   | random seed to reproduce generated values


]]></system-out>
  </testcase>
  <testcase name="multiplicationTableWithZero" classname="com.assessement.ExercicioDois.TestesJqwikPropriedades" time="0.003">
    <system-out><![CDATA[timestamp = 2025-12-08T16:13:22.618703900, TestesJqwikPropriedades:multiplicationTableWithZero = 
                              |-----------------------jqwik-----------------------
tries = 10                    | # of calls to property
checks = 10                   | # of not rejected calls
generation = EXHAUSTIVE       | parameters are exhaustively generated
after-failure = SAMPLE_FIRST  | try previously failed sample, then previous seed
when-fixed-seed = ALLOW       | fixing the random seed is allowed
edge-cases#mode = MIXIN       | edge cases are mixed in
edge-cases#total = 0          | # of all combined edge cases
edge-cases#tried = 0          | # of edge cases tried in current run
seed = 5578050880672535071    | random seed to reproduce generated values


]]></system-out>
  </testcase>
  <testcase name="calculateAverageThrowsExceptionForInvalidInput" classname="com.assessement.ExercicioDois.TestesJqwikPropriedades" time="0.033">
    <system-out><![CDATA[timestamp = 2025-12-08T16:13:22.651707600, TestesJqwikPropriedades:calculateAverageThrowsExceptionForInvalidInput = 
                              |-----------------------jqwik-----------------------
tries = 1000                  | # of calls to property
checks = 1000                 | # of not rejected calls
generation = RANDOMIZED       | parameters are randomly generated
after-failure = SAMPLE_FIRST  | try previously failed sample, then previous seed
when-fixed-seed = ALLOW       | fixing the random seed is allowed
edge-cases#mode = MIXIN       | edge cases are mixed in
edge-cases#total = 0          | # of all combined edge cases
edge-cases#tried = 0          | # of edge cases tried in current run
seed = -6804387932439124859   | random seed to reproduce generated values


]]></system-out>
    <system-err><![CDATA[dez. 08, 2025 4:13:22 PM net.jqwik.engine.execution.CheckedProperty maybeWarnOnMultipleTriesWithoutForallParameters
WARNING: Running Property [TestesJqwikPropriedades:calculateAverageThrowsExceptionForInvalidInput] in container [com.assessement.ExercicioDois.TestesJqwikPropriedades] without any @ForAll parameters for 1000 tries.
    Maybe you want to change it into an @Example?
]]></system-err>
  </testcase>
</testsuite>