<?xml version="1.0" encoding="UTF-8"?>
<testsuite xmlns:xsi="http://www.w3.org/2001/XMLSchema-instance" xsi:noNamespaceSchemaLocation="https://maven.apache.org/surefire/maven-surefire-plugin/xsd/surefire-test-report-3.0.xsd" version="3.0" name="com.assessement.ExercicioTres.TestesEntradasInvalidas" time="2.692" tests="7" errors="0" skipped="0" failures="0">
  <properties>
[...]
</properties>
  <testcase name="testCepInexistente" classname="com.assessement.ExercicioTres.TestesEntradasInvalidas" time="0.733"/>
  <testcase name="testCepComLetras" classname="com.assessement.ExercicioTres.TestesEntradasInvalidas" time="0.127"/>
  <testcase name="testCepCurto" classname="com.assessement.ExercicioTres.TestesEntradasInvalidas" time="0.374"/>
  <testcase name="testCepLongo" classname="com.assessement.ExercicioTres.TestesEntradasInvalidas" time="0.347"/>
  <testcase name="testCepVazio" classname="com.assessement.ExercicioTres.TestesEntradasInvalidas" time="0.327"/>
  <testcase name="testCepNulo" classname="com.assessement.ExercicioTres.TestesEntradasInvalidas" time="0.386"/>
  <testcase name="testCepComCaracteresEspeciais" classname="com.assessement.ExercicioTres.TestesEntradasInvalidas" time="0.329"/>
</testsuite>