<?xml version="1.0" encoding="UTF-8" ?>
<testsuite tests="9" failures="0" name="com.assessement.ExercicioDois.TestesSimulacaoDependencias" time="0.008" errors="0" skipped="0">
  <properties>
[...]
</properties>
  <testcase classname="com.assessement.ExercicioDois.TestesSimulacaoDependencias" name="testIntegracaoSemMock" time="0.006"/>
  <testcase classname="com.assessement.ExercicioDois.TestesSimulacaoDependencias" name="testCountPrimes_ArrayNull" time="0"/>
  <testcase classname="com.assessement.ExercicioDois.TestesSimulacaoDependencias" name="testCountPrimes_TodosPrimos" time="0"/>
  <testcase classname="com.assessement.ExercicioDois.TestesSimulacaoDependencias" name="testAnalyzeNumbers_ArrayVazio" time="0"/>
  <testcase classname="com.assessement.ExercicioDois.TestesSimulacaoDependencias" name="testDoubleAllNumbers_ArrayNull" time="0"/>
  <testcase classname="com.assessement.ExercicioDois.TestesSimulacaoDependencias" name="testAnalyzeNumbers_DadosControlados" time="0"/>
  <testcase classname="com.assessement.ExercicioDois.TestesSimulacaoDependencias" name="testDoubleAllNumbers_ComMock" time="0.002"/>
  <testcase classname="com.assessement.ExercicioDois.TestesSimulacaoDependencias" name="testAnalyzeNumbers_ArrayNull" time="0"/>
  <testcase classname="com.assessement.ExercicioDois.TestesSimulacaoDependencias" name="testCountPrimes_NenhumPrimo" time="0"/>
</testsuite>